c:\users\hollings\source\repos\rhit-csse373\csse373devenv202430-drholly77\l6rg\l6rg\x64\release\l6rg.pch
c:\users\hollings\source\repos\rhit-csse373\csse373devenv202430-drholly77\l6rg\l6rg\x64\release\vc143.pdb
c:\users\hollings\source\repos\rhit-csse373\csse373devenv202430-drholly77\l6rg\l6rg\x64\release\pch.obj
c:\users\hollings\source\repos\rhit-csse373\csse373devenv202430-drholly77\l6rg\l6rg\x64\release\l6rg.obj
c:\users\hollings\source\repos\rhit-csse373\csse373devenv202430-drholly77\l6rg\l6rg\x64\release\text.obj
c:\users\hollings\source\repos\rhit-csse373\csse373devenv202430-drholly77\l6rg\l6rg\x64\release\longwrapper.obj
c:\users\hollings\source\repos\rhit-csse373\csse373devenv202430-drholly77\l6rg\l6rg\x64\release\intwrapper.obj
c:\users\hollings\source\repos\rhit-csse373\csse373devenv202430-drholly77\l6rg\l6rg\x64\release\floatwrapper.obj
c:\users\hollings\source\repos\rhit-csse373\csse373devenv202430-drholly77\l6rg\l6rg\x64\release\filebase.obj
c:\users\hollings\source\repos\rhit-csse373\csse373devenv202430-drholly77\l6rg\l6rg\x64\release\charwrapper.obj
c:\users\hollings\source\repos\rhit-csse373\csse373devenv202430-drholly77\l6rg\l6rg\x64\release\boolwrapper.obj
c:\users\hollings\source\repos\rhit-csse373\csse373devenv202430-drholly77\l6rg\x64\release\l6rg.dll
c:\users\hollings\source\repos\rhit-csse373\csse373devenv202430-drholly77\l6rg\x64\release\l6rg.pdb
c:\users\hollings\source\repos\rhit-csse373\csse373devenv202430-drholly77\l6rg\x64\release\l6rg.lib
c:\users\hollings\source\repos\rhit-csse373\csse373devenv202430-drholly77\l6rg\x64\release\l6rg.exp
c:\users\hollings\source\repos\rhit-csse373\csse373devenv202430-drholly77\l6rg\l6rg\x64\release\l6rg.ipdb
c:\users\hollings\source\repos\rhit-csse373\csse373devenv202430-drholly77\l6rg\l6rg\x64\release\l6rg.iobj
c:\users\hollings\source\repos\rhit-csse373\csse373devenv202430-drholly77\l6rg\l6rg\x64\release\l6rg.tlog\cl.command.1.tlog
c:\users\hollings\source\repos\rhit-csse373\csse373devenv202430-drholly77\l6rg\l6rg\x64\release\l6rg.tlog\cl.items.tlog
c:\users\hollings\source\repos\rhit-csse373\csse373devenv202430-drholly77\l6rg\l6rg\x64\release\l6rg.tlog\cl.read.1.tlog
c:\users\hollings\source\repos\rhit-csse373\csse373devenv202430-drholly77\l6rg\l6rg\x64\release\l6rg.tlog\cl.write.1.tlog
c:\users\hollings\source\repos\rhit-csse373\csse373devenv202430-drholly77\l6rg\l6rg\x64\release\l6rg.tlog\link.command.1.tlog
c:\users\hollings\source\repos\rhit-csse373\csse373devenv202430-drholly77\l6rg\l6rg\x64\release\l6rg.tlog\link.read.1.tlog
c:\users\hollings\source\repos\rhit-csse373\csse373devenv202430-drholly77\l6rg\l6rg\x64\release\l6rg.tlog\link.secondary.1.tlog
c:\users\hollings\source\repos\rhit-csse373\csse373devenv202430-drholly77\l6rg\l6rg\x64\release\l6rg.tlog\link.write.1.tlog
