c:\users\hollings\source\repos\rhit-csse373\csse373devenv202430-drholly77\pm3rg\pm3rg\x64\release\pm3rg.pch
c:\users\hollings\source\repos\rhit-csse373\csse373devenv202430-drholly77\pm3rg\pm3rg\x64\release\vc143.pdb
c:\users\hollings\source\repos\rhit-csse373\csse373devenv202430-drholly77\pm3rg\pm3rg\x64\release\pch.obj
c:\users\hollings\source\repos\rhit-csse373\csse373devenv202430-drholly77\pm3rg\pm3rg\x64\release\pm3rg.obj
c:\users\hollings\source\repos\rhit-csse373\csse373devenv202430-drholly77\pm3rg\pm3rg\x64\release\text.obj
c:\users\hollings\source\repos\rhit-csse373\csse373devenv202430-drholly77\pm3rg\pm3rg\x64\release\longwrapper.obj
c:\users\hollings\source\repos\rhit-csse373\csse373devenv202430-drholly77\pm3rg\pm3rg\x64\release\intwrapper.obj
c:\users\hollings\source\repos\rhit-csse373\csse373devenv202430-drholly77\pm3rg\pm3rg\x64\release\floatwrapper.obj
c:\users\hollings\source\repos\rhit-csse373\csse373devenv202430-drholly77\pm3rg\pm3rg\x64\release\filebase.obj
c:\users\hollings\source\repos\rhit-csse373\csse373devenv202430-drholly77\pm3rg\pm3rg\x64\release\charwrapper.obj
c:\users\hollings\source\repos\rhit-csse373\csse373devenv202430-drholly77\pm3rg\pm3rg\x64\release\boolwrapper.obj
c:\users\hollings\source\repos\rhit-csse373\csse373devenv202430-drholly77\pm3rg\x64\release\pm3rg.dll
c:\users\hollings\source\repos\rhit-csse373\csse373devenv202430-drholly77\pm3rg\x64\release\pm3rg.pdb
c:\users\hollings\source\repos\rhit-csse373\csse373devenv202430-drholly77\pm3rg\x64\release\pm3rg.lib
c:\users\hollings\source\repos\rhit-csse373\csse373devenv202430-drholly77\pm3rg\x64\release\pm3rg.exp
c:\users\hollings\source\repos\rhit-csse373\csse373devenv202430-drholly77\pm3rg\pm3rg\x64\release\pm3rg.ipdb
c:\users\hollings\source\repos\rhit-csse373\csse373devenv202430-drholly77\pm3rg\pm3rg\x64\release\pm3rg.iobj
c:\users\hollings\source\repos\rhit-csse373\csse373devenv202430-drholly77\pm3rg\pm3rg\x64\release\pm3rg.tlog\cl.command.1.tlog
c:\users\hollings\source\repos\rhit-csse373\csse373devenv202430-drholly77\pm3rg\pm3rg\x64\release\pm3rg.tlog\cl.items.tlog
c:\users\hollings\source\repos\rhit-csse373\csse373devenv202430-drholly77\pm3rg\pm3rg\x64\release\pm3rg.tlog\cl.read.1.tlog
c:\users\hollings\source\repos\rhit-csse373\csse373devenv202430-drholly77\pm3rg\pm3rg\x64\release\pm3rg.tlog\cl.write.1.tlog
c:\users\hollings\source\repos\rhit-csse373\csse373devenv202430-drholly77\pm3rg\pm3rg\x64\release\pm3rg.tlog\link.command.1.tlog
c:\users\hollings\source\repos\rhit-csse373\csse373devenv202430-drholly77\pm3rg\pm3rg\x64\release\pm3rg.tlog\link.read.1.tlog
c:\users\hollings\source\repos\rhit-csse373\csse373devenv202430-drholly77\pm3rg\pm3rg\x64\release\pm3rg.tlog\link.secondary.1.tlog
c:\users\hollings\source\repos\rhit-csse373\csse373devenv202430-drholly77\pm3rg\pm3rg\x64\release\pm3rg.tlog\link.write.1.tlog
